{
  "RSpec": {
    "coverage": {
      "/Users/corybretsch/turing/mod_3/consultancy/BE_JOURNAL_guardian_angel_2405/config/environment.rb": {
        "lines": [
          null,
          1,
          null,
          null,
          1
        ]
      },
      "/Users/corybretsch/turing/mod_3/consultancy/BE_JOURNAL_guardian_angel_2405/config/application.rb": {
        "lines": [
          1,
          null,
          1,
          null,
          1,
          1,
          1,
          1,
          1,
          1,
          1,
          1,
          1,
          1,
          null,
          null,
          null,
          null,
          1,
          null,
          1,
          1,
          null,
          1,
          null,
          null,
          null,
          null,
          1,
          null,
          null,
          null,
          null,
          null,
          null,
          null,
          null,
          null,
          null,
          null,
          null,
          1,
          null,
          null
        ]
      },
      "/Users/corybretsch/turing/mod_3/consultancy/BE_JOURNAL_guardian_angel_2405/config/boot.rb": {
        "lines": [
          1,
          null,
          1,
          1
        ]
      },
      "/Users/corybretsch/turing/mod_3/consultancy/BE_JOURNAL_guardian_angel_2405/config/environments/test.rb": {
        "lines": [
          1,
          null,
          null,
          null,
          null,
          null,
          null,
          1,
          null,
          null,
          null,
          1,
          null,
          null,
          null,
          null,
          null,
          1,
          null,
          null,
          1,
          1,
          null,
          null,
          null,
          null,
          1,
          1,
          1,
          null,
          null,
          1,
          null,
          null,
          1,
          null,
          null,
          1,
          null,
          1,
          null,
          null,
          null,
          null,
          1,
          null,
          null,
          1,
          null,
          null,
          1,
          null,
          null,
          1,
          null,
          null,
          null,
          null,
          null,
          null,
          null,
          null,
          1,
          null
        ]
      },
      "/Users/corybretsch/turing/mod_3/consultancy/BE_JOURNAL_guardian_angel_2405/config/initializers/cors.rb": {
        "lines": [
          null,
          null,
          null,
          null,
          null,
          null,
          null,
          null,
          null,
          null,
          null,
          null,
          null,
          null,
          null,
          null
        ]
      },
      "/Users/corybretsch/turing/mod_3/consultancy/BE_JOURNAL_guardian_angel_2405/config/initializers/filter_parameter_logging.rb": {
        "lines": [
          null,
          null,
          null,
          null,
          null,
          1,
          null,
          null
        ]
      },
      "/Users/corybretsch/turing/mod_3/consultancy/BE_JOURNAL_guardian_angel_2405/config/initializers/inflections.rb": {
        "lines": [
          null,
          null,
          null,
          null,
          null,
          null,
          null,
          null,
          null,
          null,
          null,
          null,
          null,
          null,
          null,
          null
        ]
      },
      "/Users/corybretsch/turing/mod_3/consultancy/BE_JOURNAL_guardian_angel_2405/spec/factories/gratitudes.rb": {
        "lines": [
          1,
          1,
          1,
          4,
          4,
          null,
          null
        ]
      },
      "/Users/corybretsch/turing/mod_3/consultancy/BE_JOURNAL_guardian_angel_2405/config/routes.rb": {
        "lines": [
          1,
          null,
          null,
          null,
          null,
          1,
          null,
          null,
          null,
          null,
          1,
          1,
          null,
          1,
          null,
          1,
          null,
          null,
          null
        ]
      },
      "/Users/corybretsch/turing/mod_3/consultancy/BE_JOURNAL_guardian_angel_2405/spec/requests/api/v0/destroy_gratitude_spec.rb": {
        "lines": [
          1,
          null,
          1,
          1,
          1,
          1,
          1,
          null,
          1,
          null,
          1,
          1,
          null,
          1,
          1,
          null,
          null,
          null,
          null
        ]
      },
      "/Users/corybretsch/turing/mod_3/consultancy/BE_JOURNAL_guardian_angel_2405/spec/services/affirmation_service_spec.rb": {
        "lines": [
          1,
          null,
          1,
          1,
          1,
          1,
          null,
          1,
          1,
          1,
          null,
          null,
          null
        ]
      },
      "/Users/corybretsch/turing/mod_3/consultancy/BE_JOURNAL_guardian_angel_2405/app/models/gratitude.rb": {
        "lines": [
          1,
          1,
          null
        ]
      },
      "/Users/corybretsch/turing/mod_3/consultancy/BE_JOURNAL_guardian_angel_2405/app/models/application_record.rb": {
        "lines": [
          1,
          1,
          null
        ]
      },
      "/Users/corybretsch/turing/mod_3/consultancy/BE_JOURNAL_guardian_angel_2405/app/controllers/api/v0/gratitudes_controller.rb": {
        "lines": [
          1,
          null,
          1,
          1,
          1,
          null,
          null,
          1,
          1,
          1,
          null,
          null,
          1,
          1,
          1,
          null,
          null
        ]
      },
      "/Users/corybretsch/turing/mod_3/consultancy/BE_JOURNAL_guardian_angel_2405/app/controllers/application_controller.rb": {
        "lines": [
          1,
          null
        ]
      },
      "/Users/corybretsch/turing/mod_3/consultancy/BE_JOURNAL_guardian_angel_2405/app/serializers/gratitude_serializer.rb": {
        "lines": [
          1,
          1,
          1,
          null
        ]
      },
      "/Users/corybretsch/turing/mod_3/consultancy/BE_JOURNAL_guardian_angel_2405/app/services/affirmation_service.rb": {
        "lines": [
          1,
          1,
          1,
          1,
          1,
          null,
          null
        ]
      }
    },
    "timestamp": 1726518438
  }
}
